
iter =  129
[False False False False False False  True False False False False False
 False False]
[1.34161408e+00 1.19968482e+00 6.26134139e-01 2.79153021e+00
 9.86490203e-01 6.52926470e+00 3.95402242e+03 1.69814332e+02
 1.14055478e+00 7.34050893e-01 1.37430442e+00 1.39093340e+00
 2.71505784e-01 6.60167463e+00]
[False False False False False False False False  True False False False
 False False]
[1.34161408e+00 1.19968482e+00 6.26134139e-01 2.79153021e+00
 9.86490203e-01 6.52926470e+00 5.66280594e+02 1.69814332e+02
 2.02235423e+00 7.34050893e-01 1.37430442e+00 1.39093340e+00
 2.71505784e-01 6.60167463e+00]
[False False False False False False False False False False False False
  True False]
[  1.34161408   1.19968482   0.62613414   2.79153021   0.9864902
   6.5292647  566.28059444 169.81433227   1.14055478   0.73405089
   1.37430442   1.3909334    4.66751647   6.60167463]
[False False False False False False  True False False False  True False
 False False]
[1.34161408e+00 1.19968482e+00 6.26134139e-01 2.79153021e+00
 9.86490203e-01 6.52926470e+00 1.49482249e+03 1.69814332e+02
 1.14055478e+00 7.34050893e-01 1.38534091e+00 1.39093340e+00
 2.71505784e-01 6.60167463e+00]
[False False False False False False False False False False  True False
 False False]
[1.34161408e+00 1.19968482e+00 6.26134139e-01 2.79153021e+00
 9.86490203e-01 6.52926470e+00 5.66280594e+02 1.69814332e+02
 1.14055478e+00 7.34050893e-01 1.36466741e+00 1.39093340e+00
 2.71505784e-01 6.60167463e+00]
[False False False False False False False False False False False False
 False  True]
[1.34161408e+00 1.19968482e+00 6.26134139e-01 2.79153021e+00
 9.86490203e-01 6.52926470e+00 5.66280594e+02 1.69814332e+02
 1.14055478e+00 7.34050893e-01 1.37430442e+00 1.39093340e+00
 2.71505784e-01 5.27727109e+00]
